\BOOKMARK [1][-]{section.1}{Introduction to CBR}{}% 1
\BOOKMARK [2][-]{subsection.1.1}{Intuitive approach}{section.1}% 2
\BOOKMARK [2][-]{subsection.1.2}{General approach}{section.1}% 3
\BOOKMARK [2][-]{subsection.1.3}{Mathematical approach}{section.1}% 4
\BOOKMARK [1][-]{section.2}{Features}{}% 5
\BOOKMARK [2][-]{subsection.2.1}{Accommodation}{section.2}% 6
\BOOKMARK [3][-]{subsubsection.2.1.1}{Local similarity function}{subsection.2.1}% 7
\BOOKMARK [3][-]{subsubsection.2.1.2}{Feature weight}{subsection.2.1}% 8
\BOOKMARK [2][-]{subsection.2.2}{Case name}{section.2}% 9
\BOOKMARK [2][-]{subsection.2.3}{Duration}{section.2}% 10
\BOOKMARK [3][-]{subsubsection.2.3.1}{Local similarity function}{subsection.2.3}% 11
\BOOKMARK [3][-]{subsubsection.2.3.2}{Feature weight}{subsection.2.3}% 12
\BOOKMARK [3][-]{subsubsection.2.3.3}{Adaptation discussion}{subsection.2.3}% 13
\BOOKMARK [2][-]{subsection.2.4}{Holiday type}{section.2}% 14
\BOOKMARK [3][-]{subsubsection.2.4.1}{Local similarity function}{subsection.2.4}% 15
\BOOKMARK [3][-]{subsubsection.2.4.2}{Feature weight}{subsection.2.4}% 16
\BOOKMARK [2][-]{subsection.2.5}{Hotel}{section.2}% 17
\BOOKMARK [3][-]{subsubsection.2.5.1}{Local similarity function}{subsection.2.5}% 18
\BOOKMARK [3][-]{subsubsection.2.5.2}{Feature weight}{subsection.2.5}% 19
\BOOKMARK [2][-]{subsection.2.6}{Journey code}{section.2}% 20
\BOOKMARK [2][-]{subsection.2.7}{Number of persons}{section.2}% 21
\BOOKMARK [3][-]{subsubsection.2.7.1}{Local similarity function}{subsection.2.7}% 22
\BOOKMARK [3][-]{subsubsection.2.7.2}{Feature weight}{subsection.2.7}% 23
\BOOKMARK [2][-]{subsection.2.8}{Price}{section.2}% 24
\BOOKMARK [3][-]{subsubsection.2.8.1}{Local similarity function}{subsection.2.8}% 25
\BOOKMARK [3][-]{subsubsection.2.8.2}{Feature weight}{subsection.2.8}% 26
\BOOKMARK [3][-]{subsubsection.2.8.3}{Adaptation discussion}{subsection.2.8}% 27
\BOOKMARK [2][-]{subsection.2.9}{Region}{section.2}% 28
\BOOKMARK [3][-]{subsubsection.2.9.1}{Discussion}{subsection.2.9}% 29
\BOOKMARK [3][-]{subsubsection.2.9.2}{Local similarity function}{subsection.2.9}% 30
\BOOKMARK [3][-]{subsubsection.2.9.3}{Feature weight}{subsection.2.9}% 31
\BOOKMARK [2][-]{subsection.2.10}{Season}{section.2}% 32
\BOOKMARK [3][-]{subsubsection.2.10.1}{Local similarity function}{subsection.2.10}% 33
\BOOKMARK [3][-]{subsubsection.2.10.2}{Feature weight}{subsection.2.10}% 34
\BOOKMARK [2][-]{subsection.2.11}{Transportation}{section.2}% 35
\BOOKMARK [3][-]{subsubsection.2.11.1}{Local similarity function}{subsection.2.11}% 36
\BOOKMARK [3][-]{subsubsection.2.11.2}{Feature weight}{subsection.2.11}% 37
\BOOKMARK [1][-]{section.3}{Retrieval algorithm}{}% 38
\BOOKMARK [2][-]{subsection.3.1}{Brute force k-NN}{section.3}% 39
\BOOKMARK [2][-]{subsection.3.2}{Full footprint-based approach \(FPRS\)}{section.3}% 40
\BOOKMARK [1][-]{section.4}{Implementation}{}% 41
\BOOKMARK [2][-]{subsection.4.1}{Language and tools}{section.4}% 42
\BOOKMARK [2][-]{subsection.4.2}{File and class structure}{section.4}% 43
\BOOKMARK [1][-]{section.5}{Interface}{}% 44
\BOOKMARK [2][-]{subsection.5.1}{Extra features}{section.5}% 45
\BOOKMARK [1][-]{section.6}{Installation and running program}{}% 46
\BOOKMARK [2][-]{subsection.6.1}{Quick installation}{section.6}% 47
\BOOKMARK [2][-]{subsection.6.2}{Detailed installation guide}{section.6}% 48
\BOOKMARK [3][-]{subsubsection.6.2.1}{Install PostgreSQL}{subsection.6.2}% 49
\BOOKMARK [3][-]{subsubsection.6.2.2}{Create and restore database}{subsection.6.2}% 50
\BOOKMARK [2][-]{subsection.6.3}{Running the application}{section.6}% 51
